<?xml version="1.0" encoding="UTF-8"?>
<!-- Generated by org.testng.reporters.JUnitReportReporter -->
<testsuite hostname="DESKTOP-3E7QA6C" failures="0" tests="3" name="TestNG.LearnDataProvider" time="48.262" errors="0" timestamp="2022-10-12T20:12:24 EDT" skipped="0">
  <testcase classname="TestNG.LearnDataProvider" name="f" time="13.150"/>
  <system-out/>
  <testcase classname="TestNG.LearnDataProvider" name="f" time="20.403"/>
  <system-out/>
  <testcase classname="TestNG.LearnDataProvider" name="f" time="14.709"/>
  <system-out/>
</testsuite> <!-- TestNG.LearnDataProvider -->
