<?xml version="1.0" encoding="UTF-8"?>
<!-- Generated by org.testng.reporters.JUnitReportReporter -->
<testsuite hostname="DESKTOP-3E7QA6C" failures="0" tests="2" name="TestNG.Books_test" time="21.996" errors="0" timestamp="2022-10-12T19:21:55 EDT" skipped="0">
  <testcase classname="TestNG.Books_test" name="f" time="10.977"/>
  <system-out/>
  <testcase classname="TestNG.Books_test" name="SearchFieldVerification" time="11.019"/>
  <system-out/>
</testsuite> <!-- TestNG.Books_test -->
